Using pre-set license
Built from '2020.2/staging' branch; Version is '2020.2.6f1 (8a2143876886) revision 9052483'; Using compiler version '192528614'; Build Type 'Release'
OS: 'Windows 10 Enterprise; OS build 19043.1237; Version 2009; 64bit' Language: 'en' Physical Memory: 16302 MB
BatchMode: 1, IsHumanControllingUs: 0, StartBugReporterOnCrash: 0, Is64bit: 1, IsPro: 0

 COMMAND LINE ARGUMENTS:
C:\Program Files\Unity\Hub\Editor\2020.2.6f1\Editor\Unity.exe
-adb2
-batchMode
-noUpm
-name
AssetImportWorker0
-projectPath
C:/Users/Larkin/Random Creatures
-logFile
Logs/AssetImportWorker0.log
-srvPort
52741
Successfully changed project path to: C:/Users/Larkin/Random Creatures
C:/Users/Larkin/Random Creatures
Using Asset Import Pipeline V2.
Refreshing native plugins compatible for Editor in 75.73 ms, found 1 plugins.
Preloading 0 native plugins for Editor in 0.00 ms.
Initialize engine version: 2020.2.6f1 (8a2143876886)
[Subsystems] Discovering subsystems at path C:/Program Files/Unity/Hub/Editor/2020.2.6f1/Editor/Data/Resources/UnitySubsystems
[Subsystems] Discovering subsystems at path C:/Users/Larkin/Random Creatures/Assets
GfxDevice: creating device client; threaded=0
Direct3D:
    Version:  Direct3D 11.0 [level 11.1]
    Renderer: NVIDIA GeForce RTX 2070 SUPER (ID=0x1e84)
    Vendor:   
    VRAM:     8011 MB
    Driver:   27.21.14.5671
Shader 'Universal Render Pipeline/Particles/Lit': fallback shader 'Universal Render Pipeline/Particles/SimpleLit' not found
Initialize mono
Mono path[0] = 'C:/Program Files/Unity/Hub/Editor/2020.2.6f1/Editor/Data/Managed'
Mono path[1] = 'C:/Program Files/Unity/Hub/Editor/2020.2.6f1/Editor/Data/MonoBleedingEdge/lib/mono/unityjit'
Mono config path = 'C:/Program Files/Unity/Hub/Editor/2020.2.6f1/Editor/Data/MonoBleedingEdge/etc'
Using monoOptions --debugger-agent=transport=dt_socket,embedding=1,server=y,suspend=n,address=127.0.0.1:56612
Begin MonoManager ReloadAssembly
Registering precompiled unity dll's ...
Register platform support module: C:/Program Files/Unity/Hub/Editor/2020.2.6f1/Editor/Data/PlaybackEngines/WindowsStandaloneSupport/UnityEditor.WindowsStandalone.Extensions.dll
Registered in 0.001773 seconds.
Native extension for WindowsStandalone target not found
Refreshing native plugins compatible for Editor in 71.63 ms, found 1 plugins.
Preloading 0 native plugins for Editor in 0.00 ms.
Invoked RoslynAnalysisRunner static constructor.
RoslynAnalysisRunner will not be running.
RoslynAnalysisRunner has terminated.
Mono: successfully reloaded assembly
- Completed reload, in  1.069 seconds
Platform modules already initialized, skipping
Registering precompiled user dll's ...
Registered in 0.003747 seconds.
Begin MonoManager ReloadAssembly
Native extension for WindowsStandalone target not found
Refreshing native plugins compatible for Editor in 74.17 ms, found 1 plugins.
Preloading 0 native plugins for Editor in 0.00 ms.
Invoked RoslynAnalysisRunner static constructor.
RoslynAnalysisRunner will not be running.
RoslynAnalysisRunner has terminated.
Find all reader and writers took 101 milliseconds
Script Module: UnityEngine.UI.dll
Weave behaviours and messages took 70 milliseconds
Find all reader and writers took 97 milliseconds
Script Module: Unity.InputSystem.dll
Weave behaviours and messages took 173 milliseconds
Find all reader and writers took 77 milliseconds
Script Module: Unity.RenderPipelines.Core.Runtime.dll
Weave behaviours and messages took 49 milliseconds
Find all reader and writers took 82 milliseconds
Script Module: UnityEngine.TestRunner.dll
Weave behaviours and messages took 32 milliseconds
Find all reader and writers took 86 milliseconds
Script Module: Unity.Mathematics.dll
Weave behaviours and messages took 172 milliseconds
Find all reader and writers took 73 milliseconds
Script Module: SimpleWebTransport.dll
Weave behaviours and messages took 5 milliseconds
Find all reader and writers took 90 milliseconds
Script Module: Unity.RenderPipelines.Universal.Runtime.dll
Weave behaviours and messages took 46 milliseconds
Find all reader and writers took 96 milliseconds
Script Module: Unity.TextMeshPro.dll
Weave behaviours and messages took 69 milliseconds
Find all reader and writers took 80 milliseconds
Script Module: NavMeshComponentsTestsPlaymode.dll
Weave behaviours and messages took 3 milliseconds
Find all reader and writers took 84 milliseconds
Script Module: Unity.VisualEffectGraph.Runtime.dll
Weave behaviours and messages took 14 milliseconds
Find all reader and writers took 81 milliseconds
Script Module: Unity.Timeline.dll
Weave behaviours and messages took 27 milliseconds
Find all reader and writers took 75 milliseconds
Script Module: Autodesk.Fbx.dll
Weave behaviours and messages took 45 milliseconds
Find all reader and writers took 85 milliseconds
Script Module: Unity.Postprocessing.Runtime.dll
Weave behaviours and messages took 28 milliseconds
Find all reader and writers took 79 milliseconds
Script Module: Telepathy.dll
Weave behaviours and messages took 4 milliseconds
Find all reader and writers took 84 milliseconds
Script Module: NavMeshComponentsExamples.dll
Weave behaviours and messages took 4 milliseconds
Find all reader and writers took 79 milliseconds
Script Module: kcp2k.dll
Weave behaviours and messages took 5 milliseconds
Find all reader and writers took 87 milliseconds
Script Module: where-allocations.dll
Weave behaviours and messages took 0 milliseconds
Find all reader and writers took 83 milliseconds
Script Module: Unity.Formats.Fbx.Runtime.dll
Weave behaviours and messages took 0 milliseconds
Find all reader and writers took 77 milliseconds
Script Module: Unity.RenderPipelines.Core.ShaderLibrary.dll
Weave behaviours and messages took 0 milliseconds
Find all reader and writers took 82 milliseconds
Script Module: Unity.RenderPipeline.Universal.ShaderLibrary.dll
Weave behaviours and messages took 0 milliseconds
Find all reader and writers took 84 milliseconds
Script Module: NavMeshComponents.dll
Weave behaviours and messages took 3 milliseconds
Find all reader and writers took 82 milliseconds
Script Module: FbxBuildTestAssets.dll
Weave behaviours and messages took 0 milliseconds
Find all reader and writers took 78 milliseconds
Script Module: Unity.RenderPipelines.Universal.Shaders.dll
Weave behaviours and messages took 0 milliseconds
Find all reader and writers took 76 milliseconds
Script Module: Unity.RenderPipelines.ShaderGraph.ShaderGraphLibrary.dll
Weave behaviours and messages took 0 milliseconds
Find all reader and writers took 96 milliseconds
Script Module: UnityEditor.TestRunner.dll
Weave behaviours and messages took 36 milliseconds
Find all reader and writers took 94 milliseconds
Script Module: ParrelSync.dll
Weave behaviours and messages took 2 milliseconds
Find all reader and writers took 75 milliseconds
Script Module: Mirror.CompilerSymbols.dll
Weave behaviours and messages took 0 milliseconds
Find all reader and writers took 93 milliseconds
Script Module: UnityEditor.UI.dll
Weave behaviours and messages took 13 milliseconds
Find all reader and writers took 78 milliseconds
Script Module: Unity.ShaderGraph.Utilities.dll
Weave behaviours and messages took 0 milliseconds
Find all reader and writers took 76 milliseconds
Script Module: NavMeshComponentsTestsEditmode.dll
Weave behaviours and messages took 8 milliseconds
Find all reader and writers took 93 milliseconds
Script Module: NavMeshComponentsEditor.dll
Weave behaviours and messages took 3 milliseconds
Find all reader and writers took 90 milliseconds
Script Module: NavMeshComponentsExamplesEditor.dll
Weave behaviours and messages took 0 milliseconds
Mono: successfully reloaded assembly
- Completed reload, in  9.704 seconds
Platform modules already initialized, skipping
========================================================================
Worker process is ready to serve import requests
Shader 'Universal Render Pipeline/Particles/Lit': fallback shader 'Universal Render Pipeline/Particles/SimpleLit' not found
Launched and connected shader compiler UnityShaderCompiler.exe after 0.05 seconds
Refreshing native plugins compatible for Editor in 0.90 ms, found 1 plugins.
Preloading 0 native plugins for Editor in 0.00 ms.
Unloading 4006 Unused Serialized files (Serialized files now loaded: 0)
System memory in use before: 288.2 MB.
System memory in use after: 287.1 MB.

Unloading 41 unused Assets to reduce memory usage. Loaded Objects now: 4468.
Total: 4.115900 ms (FindLiveObjects: 0.377000 ms CreateObjectMapping: 0.201600 ms MarkObjects: 2.777400 ms  DeleteObjects: 0.758900 ms)

========================================================================
Received Import Request.
  path: Assets/RandomLevel/Settings/ForwardRenderer.asset
  artifactKey: Guid(4a8e21d5c33334b11b34a596161b9360) Importer(815301076,1909f56bfc062723c751e8b465ee728b)
Start importing Assets/RandomLevel/Settings/ForwardRenderer.asset using Guid(4a8e21d5c33334b11b34a596161b9360) Importer(815301076,1909f56bfc062723c751e8b465ee728b)  -> (artifact id: '397582bc9952104f0294bc5273fb5e66') in 0.038264 seconds
  Import took 0.044964 seconds .

========================================================================
Received Import Request.
  Time since last request: 741.635285 seconds.
  path: Assets/Shaders/Geometry-Grass-Shader/Assets/GeomtyShader/T_Noise_Cloud.png
  artifactKey: Guid(1a0df0f57517c13448f3648783cb4010) Importer(815301076,1909f56bfc062723c751e8b465ee728b)
Start importing Assets/Shaders/Geometry-Grass-Shader/Assets/GeomtyShader/T_Noise_Cloud.png using Guid(1a0df0f57517c13448f3648783cb4010) Importer(815301076,1909f56bfc062723c751e8b465ee728b)  -> (artifact id: '88f3df1b85fadc93620a59080ef5566c') in 0.086581 seconds
  Import took 0.094143 seconds .

========================================================================
Received Import Request.
  Time since last request: 0.000215 seconds.
  path: Assets/Shaders/Geometry-Grass-Shader/Assets/GeomtyShader/T_Swirlmap.png
  artifactKey: Guid(6b34b21c04fe10a449ae3319e6089030) Importer(815301076,1909f56bfc062723c751e8b465ee728b)
Start importing Assets/Shaders/Geometry-Grass-Shader/Assets/GeomtyShader/T_Swirlmap.png using Guid(6b34b21c04fe10a449ae3319e6089030) Importer(815301076,1909f56bfc062723c751e8b465ee728b)  -> (artifact id: 'b2a8bd459849235aa1b353270b75e63d') in 0.010513 seconds
  Import took 0.016927 seconds .

========================================================================
Received Import Request.
  Time since last request: 0.388095 seconds.
  path: Assets/Shaders/Geometry-Grass-Shader/Assets/GeomtyShader/WhiteNoiseDithering.png
  artifactKey: Guid(8af10db6248fb2d4d9590c293e8dbe9a) Importer(815301076,1909f56bfc062723c751e8b465ee728b)
Start importing Assets/Shaders/Geometry-Grass-Shader/Assets/GeomtyShader/WhiteNoiseDithering.png using Guid(8af10db6248fb2d4d9590c293e8dbe9a) Importer(815301076,1909f56bfc062723c751e8b465ee728b)  -> (artifact id: '0dfbd4fbe344eb554a77f5842c28d355') in 0.012180 seconds
  Import took 0.020293 seconds .

========================================================================
Received Import Request.
  Time since last request: 0.004327 seconds.
  path: Assets/Shaders/Geometry-Grass-Shader/Assets/GeomtyShader/WhiteNoiseDithering.png
  artifactKey: Guid(8af10db6248fb2d4d9590c293e8dbe9a) Importer(815301076,1909f56bfc062723c751e8b465ee728b)
Start importing Assets/Shaders/Geometry-Grass-Shader/Assets/GeomtyShader/WhiteNoiseDithering.png using Guid(8af10db6248fb2d4d9590c293e8dbe9a) Importer(815301076,1909f56bfc062723c751e8b465ee728b)  -> (artifact id: '0dfbd4fbe344eb554a77f5842c28d355') in 0.011262 seconds
  Import took 0.017162 seconds .

========================================================================
Received Prepare
Registering precompiled user dll's ...
Registered in 0.003822 seconds.
Begin MonoManager ReloadAssembly
Native extension for WindowsStandalone target not found
Refreshing native plugins compatible for Editor in 0.70 ms, found 1 plugins.
Preloading 0 native plugins for Editor in 0.00 ms.
Invoked RoslynAnalysisRunner static constructor.
RoslynAnalysisRunner will not be running.
RoslynAnalysisRunner has terminated.
Mono: successfully reloaded assembly
- Completed reload, in  0.968 seconds
Platform modules already initialized, skipping
Shader 'Universal Render Pipeline/Particles/Lit': fallback shader 'Universal Render Pipeline/Particles/SimpleLit' not found
Refreshing native plugins compatible for Editor in 0.73 ms, found 1 plugins.
Preloading 0 native plugins for Editor in 0.00 ms.
Unloading 3866 Unused Serialized files (Serialized files now loaded: 0)
System memory in use before: 280.1 MB.
System memory in use after: 278.9 MB.

Unloading 38 unused Assets to reduce memory usage. Loaded Objects now: 4474.
Total: 3.876000 ms (FindLiveObjects: 0.449000 ms CreateObjectMapping: 0.266900 ms MarkObjects: 2.267700 ms  DeleteObjects: 0.890700 ms)

========================================================================
Received Import Request.
  Time since last request: 404.163473 seconds.
  path: Assets/GrassBlades/ProceduralGrassRenderer.cs
  artifactKey: Guid(79510d91b1db56d4a84c3531ba8a5f64) Importer(815301076,1909f56bfc062723c751e8b465ee728b)
Start importing Assets/GrassBlades/ProceduralGrassRenderer.cs using Guid(79510d91b1db56d4a84c3531ba8a5f64) Importer(815301076,1909f56bfc062723c751e8b465ee728b)  -> (artifact id: '3b28bf8324354a3edcad00be16e3191c') in 0.014128 seconds
  Import took 0.020750 seconds .

========================================================================
Received Import Request.
  Time since last request: 0.000331 seconds.
  path: Assets/GrassBlades/ProceduralGrassRenderer.cs
  artifactKey: Guid(79510d91b1db56d4a84c3531ba8a5f64) Importer(815301076,1909f56bfc062723c751e8b465ee728b)
Start importing Assets/GrassBlades/ProceduralGrassRenderer.cs using Guid(79510d91b1db56d4a84c3531ba8a5f64) Importer(815301076,1909f56bfc062723c751e8b465ee728b)  -> (artifact id: '3b28bf8324354a3edcad00be16e3191c') in 0.003773 seconds
  Import took 0.011722 seconds .

========================================================================
Received Import Request.
  Time since last request: 25.101029 seconds.
  path: Assets/Shaders/Materials/GrassMaterial.mat
  artifactKey: Guid(17f2992dd8a99904dba4314f82461f73) Importer(815301076,1909f56bfc062723c751e8b465ee728b)
Start importing Assets/Shaders/Materials/GrassMaterial.mat using Guid(17f2992dd8a99904dba4314f82461f73) Importer(815301076,1909f56bfc062723c751e8b465ee728b)  -> (artifact id: 'bf1f0d48fe76096a59536e36a0fb74b1') in 0.203995 seconds
  Import took 0.210730 seconds .

========================================================================
Received Import Request.
  Time since last request: 0.000291 seconds.
  path: Assets/GrassBlades/grassMaterial.mat
  artifactKey: Guid(93aafac30ebe0234da04d47c9b93ecd5) Importer(815301076,1909f56bfc062723c751e8b465ee728b)
Start importing Assets/GrassBlades/grassMaterial.mat using Guid(93aafac30ebe0234da04d47c9b93ecd5) Importer(815301076,1909f56bfc062723c751e8b465ee728b)  -> (artifact id: '6d2e47cdbe3be6c0abb7f07235482d42') in 0.022598 seconds
  Import took 0.029684 seconds .

========================================================================
Received Import Request.
  Time since last request: 0.000282 seconds.
  path: Assets/Shaders/Geometry-Grass-Shader/Assets/GeomtyShader/Unlit_GrassShader.mat
  artifactKey: Guid(e8e145c330a9c074ab325e4d92497fee) Importer(815301076,1909f56bfc062723c751e8b465ee728b)
Start importing Assets/Shaders/Geometry-Grass-Shader/Assets/GeomtyShader/Unlit_GrassShader.mat using Guid(e8e145c330a9c074ab325e4d92497fee) Importer(815301076,1909f56bfc062723c751e8b465ee728b)  -> (artifact id: '40f172698fc31f2d1187e1661158727e') in 0.018995 seconds
  Import took 0.027807 seconds .

========================================================================
Received Prepare
Registering precompiled user dll's ...
Registered in 0.003796 seconds.
Begin MonoManager ReloadAssembly
Native extension for WindowsStandalone target not found
Refreshing native plugins compatible for Editor in 0.71 ms, found 1 plugins.
Preloading 0 native plugins for Editor in 0.00 ms.
Invoked RoslynAnalysisRunner static constructor.
RoslynAnalysisRunner will not be running.
RoslynAnalysisRunner has terminated.
Mono: successfully reloaded assembly
- Completed reload, in  1.196 seconds
Platform modules already initialized, skipping
Shader 'Universal Render Pipeline/Particles/Lit': fallback shader 'Universal Render Pipeline/Particles/SimpleLit' not found
Refreshing native plugins compatible for Editor in 0.76 ms, found 1 plugins.
Preloading 0 native plugins for Editor in 0.00 ms.
Unloading 3866 Unused Serialized files (Serialized files now loaded: 0)
System memory in use before: 285.6 MB.
System memory in use after: 284.5 MB.

Unloading 37 unused Assets to reduce memory usage. Loaded Objects now: 4558.
Total: 3.968900 ms (FindLiveObjects: 0.460000 ms CreateObjectMapping: 0.242500 ms MarkObjects: 2.370500 ms  DeleteObjects: 0.894400 ms)

AssetImportWorkerClient::OnTransportError - code=2 error=End of file
