Base path: 'C:/Program Files/Unity/Hub/Editor/2020.2.6f1/Editor/Data', plugins path 'C:/Program Files/Unity/Hub/Editor/2020.2.6f1/Editor/Data/PlaybackEngines'
Cmd: initializeCompiler

Cmd: compileComputeKernel
  insize=9340 path=C:/Users/Larkin/Random Creatures/Assets/RandomLevel/computeAgentShader.compute kernel=main cachingPP=1 ppOnly=0 stripLineD=0 buildPlatform=5 km=<UNITY_VERSION=202026> pKW=UNITY_ENABLE_REFLECTION_BUFFERS UNITY_USE_DITHER_MASK_FOR_ALPHABLENDED_SHADOWS UNITY_PBS_USE_BRDF1 UNITY_SPECCUBE_BOX_PROJECTION UNITY_SPECCUBE_BLENDING UNITY_ENABLE_DETAIL_NORMALMAP SHADER_API_DESKTOP UNITY_LIGHT_PROBE_PROXY_VOLUME UNITY_LIGHTMAP_RGBM_ENCODING uKW=SHADER_STAGE_COMPUTE platform=glcore flags=4096  error: 2 plat 15 at computeAgentShader.compute(58): invalid subscript 'sensingDist'
 ok=0 outsize=0

Cmd: compileComputeKernel
  insize=9296 path=C:/Users/Larkin/Random Creatures/Assets/RandomLevel/computeAgentShader.compute kernel=main cachingPP=1 ppOnly=0 stripLineD=0 buildPlatform=5 km=<UNITY_VERSION=202026> pKW=UNITY_ENABLE_REFLECTION_BUFFERS UNITY_USE_DITHER_MASK_FOR_ALPHABLENDED_SHADOWS UNITY_PBS_USE_BRDF1 UNITY_SPECCUBE_BOX_PROJECTION UNITY_SPECCUBE_BLENDING UNITY_ENABLE_DETAIL_NORMALMAP SHADER_API_DESKTOP UNITY_LIGHT_PROBE_PROXY_VOLUME UNITY_LIGHTMAP_RGBM_ENCODING uKW=SHADER_STAGE_COMPUTE platform=d3d11 flags=0  error: 2 plat 4 at computeAgentShader.compute(56): invalid subscript 'sensingDist'
 ok=0 outsize=0

Cmd: compileComputeKernel
  insize=9298 path=C:/Users/Larkin/Random Creatures/Assets/RandomLevel/computeAgentShader.compute kernel=main cachingPP=1 ppOnly=0 stripLineD=0 buildPlatform=5 km=<UNITY_VERSION=202026> pKW=UNITY_ENABLE_REFLECTION_BUFFERS UNITY_USE_DITHER_MASK_FOR_ALPHABLENDED_SHADOWS UNITY_PBS_USE_BRDF1 UNITY_SPECCUBE_BOX_PROJECTION UNITY_SPECCUBE_BLENDING UNITY_ENABLE_DETAIL_NORMALMAP SHADER_API_DESKTOP UNITY_LIGHT_PROBE_PROXY_VOLUME UNITY_LIGHTMAP_RGBM_ENCODING uKW=SHADER_STAGE_COMPUTE platform=d3d11 flags=0  error: 2 plat 4 at computeAgentShader.compute(66): undeclared identifier 'getMagnitude'
 ok=0 outsize=0

Cmd: compileComputeKernel
  insize=9306 path=C:/Users/Larkin/Random Creatures/Assets/RandomLevel/computeAgentShader.compute kernel=main cachingPP=1 ppOnly=0 stripLineD=0 buildPlatform=5 km=<UNITY_VERSION=202026> pKW=UNITY_ENABLE_REFLECTION_BUFFERS UNITY_USE_DITHER_MASK_FOR_ALPHABLENDED_SHADOWS UNITY_PBS_USE_BRDF1 UNITY_SPECCUBE_BOX_PROJECTION UNITY_SPECCUBE_BLENDING UNITY_ENABLE_DETAIL_NORMALMAP SHADER_API_DESKTOP UNITY_LIGHT_PROBE_PROXY_VOLUME UNITY_LIGHTMAP_RGBM_ENCODING uKW=SHADER_STAGE_COMPUTE platform=d3d11 flags=0  error: 2 plat 4 at computeAgentShader.compute(109): invalid subscript 'turnSpeed'
 ok=0 outsize=0

Cmd: compileComputeKernel
  insize=9054 path=C:/Users/Larkin/Random Creatures/Assets/RandomLevel/computeAgentShader.compute kernel=Diffuse cachingPP=1 ppOnly=0 stripLineD=0 buildPlatform=5 km=<UNITY_VERSION=202026> pKW=UNITY_ENABLE_REFLECTION_BUFFERS UNITY_USE_DITHER_MASK_FOR_ALPHABLENDED_SHADOWS UNITY_PBS_USE_BRDF1 UNITY_SPECCUBE_BOX_PROJECTION UNITY_SPECCUBE_BLENDING UNITY_ENABLE_DETAIL_NORMALMAP SHADER_API_DESKTOP UNITY_LIGHT_PROBE_PROXY_VOLUME UNITY_LIGHTMAP_RGBM_ENCODING uKW=SHADER_STAGE_COMPUTE platform=glcore flags=4096  error: 2 plat 15 at computeAgentShader.compute(153): invalid subscript 'headingIncrement'
 ok=0 outsize=0

Cmd: compileComputeKernel
  insize=9098 path=C:/Users/Larkin/Random Creatures/Assets/RandomLevel/computeAgentShader.compute kernel=main cachingPP=1 ppOnly=0 stripLineD=0 buildPlatform=5 km=<UNITY_VERSION=202026> pKW=UNITY_ENABLE_REFLECTION_BUFFERS UNITY_USE_DITHER_MASK_FOR_ALPHABLENDED_SHADOWS UNITY_PBS_USE_BRDF1 UNITY_SPECCUBE_BOX_PROJECTION UNITY_SPECCUBE_BLENDING UNITY_ENABLE_DETAIL_NORMALMAP SHADER_API_DESKTOP UNITY_LIGHT_PROBE_PROXY_VOLUME UNITY_LIGHTMAP_RGBM_ENCODING uKW=SHADER_STAGE_COMPUTE platform=d3d11 flags=0  error: 2 plat 4 at computeAgentShader.compute(160): invalid subscript 'moveSpeed'
 ok=0 outsize=0

Cmd: compileComputeKernel
  insize=9106 path=C:/Users/Larkin/Random Creatures/Assets/RandomLevel/computeAgentShader.compute kernel=main cachingPP=1 ppOnly=0 stripLineD=0 buildPlatform=5 km=<UNITY_VERSION=202026> pKW=UNITY_ENABLE_REFLECTION_BUFFERS UNITY_USE_DITHER_MASK_FOR_ALPHABLENDED_SHADOWS UNITY_PBS_USE_BRDF1 UNITY_SPECCUBE_BOX_PROJECTION UNITY_SPECCUBE_BLENDING UNITY_ENABLE_DETAIL_NORMALMAP SHADER_API_DESKTOP UNITY_LIGHT_PROBE_PROXY_VOLUME UNITY_LIGHTMAP_RGBM_ENCODING uKW=SHADER_STAGE_COMPUTE platform=d3d11 flags=0  error: 2 plat 4 at computeAgentShader.compute(160): invalid subscript 'moveSpeed'
 ok=0 outsize=0

Cmd: compileComputeKernel
  insize=9109 path=C:/Users/Larkin/Random Creatures/Assets/RandomLevel/computeAgentShader.compute kernel=main cachingPP=1 ppOnly=0 stripLineD=0 buildPlatform=5 km=<UNITY_VERSION=202026> pKW=UNITY_ENABLE_REFLECTION_BUFFERS UNITY_USE_DITHER_MASK_FOR_ALPHABLENDED_SHADOWS UNITY_PBS_USE_BRDF1 UNITY_SPECCUBE_BOX_PROJECTION UNITY_SPECCUBE_BLENDING UNITY_ENABLE_DETAIL_NORMALMAP SHADER_API_DESKTOP UNITY_LIGHT_PROBE_PROXY_VOLUME UNITY_LIGHTMAP_RGBM_ENCODING uKW=SHADER_STAGE_COMPUTE platform=d3d11 flags=0 ok=1 outsize=6931

Cmd: compileComputeKernel
  insize=9110 path=C:/Users/Larkin/Random Creatures/Assets/RandomLevel/computeAgentShader.compute kernel=main cachingPP=1 ppOnly=0 stripLineD=0 buildPlatform=5 km=<UNITY_VERSION=202026> pKW=UNITY_ENABLE_REFLECTION_BUFFERS UNITY_USE_DITHER_MASK_FOR_ALPHABLENDED_SHADOWS UNITY_PBS_USE_BRDF1 UNITY_SPECCUBE_BOX_PROJECTION UNITY_SPECCUBE_BLENDING UNITY_ENABLE_DETAIL_NORMALMAP SHADER_API_DESKTOP UNITY_LIGHT_PROBE_PROXY_VOLUME UNITY_LIGHTMAP_RGBM_ENCODING uKW=SHADER_STAGE_COMPUTE platform=d3d11 flags=0 ok=1 outsize=6931

Cmd: compileComputeKernel
  insize=9107 path=C:/Users/Larkin/Random Creatures/Assets/RandomLevel/computeAgentShader.compute kernel=Diffuse cachingPP=1 ppOnly=0 stripLineD=0 buildPlatform=5 km=<UNITY_VERSION=202026> pKW=UNITY_ENABLE_REFLECTION_BUFFERS UNITY_USE_DITHER_MASK_FOR_ALPHABLENDED_SHADOWS UNITY_PBS_USE_BRDF1 UNITY_SPECCUBE_BOX_PROJECTION UNITY_SPECCUBE_BLENDING UNITY_ENABLE_DETAIL_NORMALMAP SHADER_API_DESKTOP UNITY_LIGHT_PROBE_PROXY_VOLUME UNITY_LIGHTMAP_RGBM_ENCODING uKW=SHADER_STAGE_COMPUTE platform=glcore flags=4096 ok=1 outsize=3047

Cmd: compileComputeKernel
  insize=9145 path=C:/Users/Larkin/Random Creatures/Assets/RandomLevel/computeAgentShader.compute kernel=Diffuse cachingPP=1 ppOnly=0 stripLineD=0 buildPlatform=5 km=<UNITY_VERSION=202026> pKW=UNITY_ENABLE_REFLECTION_BUFFERS UNITY_USE_DITHER_MASK_FOR_ALPHABLENDED_SHADOWS UNITY_PBS_USE_BRDF1 UNITY_SPECCUBE_BOX_PROJECTION UNITY_SPECCUBE_BLENDING UNITY_ENABLE_DETAIL_NORMALMAP SHADER_API_DESKTOP UNITY_LIGHT_PROBE_PROXY_VOLUME UNITY_LIGHTMAP_RGBM_ENCODING uKW=SHADER_STAGE_COMPUTE platform=d3d11 flags=0 ok=1 outsize=1381

Cmd: compileComputeKernel
  insize=8999 path=C:/Users/Larkin/Random Creatures/Assets/RandomLevel/computeAgentShader.compute kernel=main cachingPP=1 ppOnly=0 stripLineD=0 buildPlatform=5 km=<UNITY_VERSION=202026> pKW=UNITY_ENABLE_REFLECTION_BUFFERS UNITY_USE_DITHER_MASK_FOR_ALPHABLENDED_SHADOWS UNITY_PBS_USE_BRDF1 UNITY_SPECCUBE_BOX_PROJECTION UNITY_SPECCUBE_BLENDING UNITY_ENABLE_DETAIL_NORMALMAP SHADER_API_DESKTOP UNITY_LIGHT_PROBE_PROXY_VOLUME UNITY_LIGHTMAP_RGBM_ENCODING uKW=SHADER_STAGE_COMPUTE platform=glcore flags=4096 ok=1 outsize=14783

Cmd: compileComputeKernel
  insize=9133 path=C:/Users/Larkin/Random Creatures/Assets/RandomLevel/computeAgentShader.compute kernel=Diffuse cachingPP=1 ppOnly=0 stripLineD=0 buildPlatform=5 km=<UNITY_VERSION=202026> pKW=UNITY_ENABLE_REFLECTION_BUFFERS UNITY_USE_DITHER_MASK_FOR_ALPHABLENDED_SHADOWS UNITY_PBS_USE_BRDF1 UNITY_SPECCUBE_BOX_PROJECTION UNITY_SPECCUBE_BLENDING UNITY_ENABLE_DETAIL_NORMALMAP SHADER_API_DESKTOP UNITY_LIGHT_PROBE_PROXY_VOLUME UNITY_LIGHTMAP_RGBM_ENCODING uKW=SHADER_STAGE_COMPUTE platform=d3d11 flags=0  error: 1 plat 4 at computeAgentShader.compute(229): signed/unsigned mismatch, unsigned assumed
 ok=1 outsize=1509

Cmd: compileComputeKernel
  insize=9137 path=C:/Users/Larkin/Random Creatures/Assets/RandomLevel/computeAgentShader.compute kernel=Diffuse cachingPP=1 ppOnly=0 stripLineD=0 buildPlatform=5 km=<UNITY_VERSION=202026> pKW=UNITY_ENABLE_REFLECTION_BUFFERS UNITY_USE_DITHER_MASK_FOR_ALPHABLENDED_SHADOWS UNITY_PBS_USE_BRDF1 UNITY_SPECCUBE_BOX_PROJECTION UNITY_SPECCUBE_BLENDING UNITY_ENABLE_DETAIL_NORMALMAP SHADER_API_DESKTOP UNITY_LIGHT_PROBE_PROXY_VOLUME UNITY_LIGHTMAP_RGBM_ENCODING uKW=SHADER_STAGE_COMPUTE platform=d3d11 flags=0  error: 1 plat 4 at computeAgentShader.compute(229): signed/unsigned mismatch, unsigned assumed
 ok=1 outsize=1505

Cmd: compileComputeKernel
  insize=9161 path=C:/Users/Larkin/Random Creatures/Assets/RandomLevel/computeAgentShader.compute kernel=Diffuse cachingPP=1 ppOnly=0 stripLineD=0 buildPlatform=5 km=<UNITY_VERSION=202026> pKW=UNITY_ENABLE_REFLECTION_BUFFERS UNITY_USE_DITHER_MASK_FOR_ALPHABLENDED_SHADOWS UNITY_PBS_USE_BRDF1 UNITY_SPECCUBE_BOX_PROJECTION UNITY_SPECCUBE_BLENDING UNITY_ENABLE_DETAIL_NORMALMAP SHADER_API_DESKTOP UNITY_LIGHT_PROBE_PROXY_VOLUME UNITY_LIGHTMAP_RGBM_ENCODING uKW=SHADER_STAGE_COMPUTE platform=d3d11 flags=0  error: 1 plat 4 at computeAgentShader.compute(229): signed/unsigned mismatch, unsigned assumed
 ok=1 outsize=1597

Cmd: compileComputeKernel
  insize=9191 path=C:/Users/Larkin/Random Creatures/Assets/RandomLevel/computeAgentShader.compute kernel=Diffuse cachingPP=1 ppOnly=0 stripLineD=0 buildPlatform=5 km=<UNITY_VERSION=202026> pKW=UNITY_ENABLE_REFLECTION_BUFFERS UNITY_USE_DITHER_MASK_FOR_ALPHABLENDED_SHADOWS UNITY_PBS_USE_BRDF1 UNITY_SPECCUBE_BOX_PROJECTION UNITY_SPECCUBE_BLENDING UNITY_ENABLE_DETAIL_NORMALMAP SHADER_API_DESKTOP UNITY_LIGHT_PROBE_PROXY_VOLUME UNITY_LIGHTMAP_RGBM_ENCODING uKW=SHADER_STAGE_COMPUTE platform=glcore flags=4096  error: 1 plat 15 at computeAgentShader.compute(230): signed/unsigned mismatch, unsigned assumed
 ok=1 outsize=3611

Cmd: compileComputeKernel
  insize=9249 path=C:/Users/Larkin/Random Creatures/Assets/RandomLevel/computeAgentShader.compute kernel=Diffuse cachingPP=1 ppOnly=0 stripLineD=0 buildPlatform=5 km=<UNITY_VERSION=202026> pKW=UNITY_ENABLE_REFLECTION_BUFFERS UNITY_USE_DITHER_MASK_FOR_ALPHABLENDED_SHADOWS UNITY_PBS_USE_BRDF1 UNITY_SPECCUBE_BOX_PROJECTION UNITY_SPECCUBE_BLENDING UNITY_ENABLE_DETAIL_NORMALMAP SHADER_API_DESKTOP UNITY_LIGHT_PROBE_PROXY_VOLUME UNITY_LIGHTMAP_RGBM_ENCODING uKW=SHADER_STAGE_COMPUTE platform=d3d11 flags=0 ok=1 outsize=1381

Cmd: compileComputeKernel
  insize=9336 path=C:/Users/Larkin/Random Creatures/Assets/RandomLevel/computeAgentShader.compute kernel=Diffuse cachingPP=1 ppOnly=0 stripLineD=0 buildPlatform=5 km=<UNITY_VERSION=202026> pKW=UNITY_ENABLE_REFLECTION_BUFFERS UNITY_USE_DITHER_MASK_FOR_ALPHABLENDED_SHADOWS UNITY_PBS_USE_BRDF1 UNITY_SPECCUBE_BOX_PROJECTION UNITY_SPECCUBE_BLENDING UNITY_ENABLE_DETAIL_NORMALMAP SHADER_API_DESKTOP UNITY_LIGHT_PROBE_PROXY_VOLUME UNITY_LIGHTMAP_RGBM_ENCODING uKW=SHADER_STAGE_COMPUTE platform=glcore flags=4096 ok=1 outsize=3047

Cmd: compileComputeKernel
  insize=9449 path=C:/Users/Larkin/Random Creatures/Assets/RandomLevel/computeAgentShader.compute kernel=main cachingPP=1 ppOnly=0 stripLineD=0 buildPlatform=5 km=<UNITY_VERSION=202026> pKW=UNITY_ENABLE_REFLECTION_BUFFERS UNITY_USE_DITHER_MASK_FOR_ALPHABLENDED_SHADOWS UNITY_PBS_USE_BRDF1 UNITY_SPECCUBE_BOX_PROJECTION UNITY_SPECCUBE_BLENDING UNITY_ENABLE_DETAIL_NORMALMAP SHADER_API_DESKTOP UNITY_LIGHT_PROBE_PROXY_VOLUME UNITY_LIGHTMAP_RGBM_ENCODING uKW=SHADER_STAGE_COMPUTE platform=glcore flags=4096 ok=1 outsize=14668

Cmd: compileComputeKernel
  insize=9545 path=C:/Users/Larkin/Random Creatures/Assets/RandomLevel/computeAgentShader.compute kernel=main cachingPP=1 ppOnly=0 stripLineD=0 buildPlatform=5 km=<UNITY_VERSION=202026> pKW=UNITY_ENABLE_REFLECTION_BUFFERS UNITY_USE_DITHER_MASK_FOR_ALPHABLENDED_SHADOWS UNITY_PBS_USE_BRDF1 UNITY_SPECCUBE_BOX_PROJECTION UNITY_SPECCUBE_BLENDING UNITY_ENABLE_DETAIL_NORMALMAP SHADER_API_DESKTOP UNITY_LIGHT_PROBE_PROXY_VOLUME UNITY_LIGHTMAP_RGBM_ENCODING uKW=SHADER_STAGE_COMPUTE platform=d3d11 flags=0 ok=1 outsize=7128

Cmd: compileComputeKernel
  insize=9587 path=C:/Users/Larkin/Random Creatures/Assets/RandomLevel/computeAgentShader.compute kernel=main cachingPP=1 ppOnly=0 stripLineD=0 buildPlatform=5 km=<UNITY_VERSION=202026> pKW=UNITY_ENABLE_REFLECTION_BUFFERS UNITY_USE_DITHER_MASK_FOR_ALPHABLENDED_SHADOWS UNITY_PBS_USE_BRDF1 UNITY_SPECCUBE_BOX_PROJECTION UNITY_SPECCUBE_BLENDING UNITY_ENABLE_DETAIL_NORMALMAP SHADER_API_DESKTOP UNITY_LIGHT_PROBE_PROXY_VOLUME UNITY_LIGHTMAP_RGBM_ENCODING uKW=SHADER_STAGE_COMPUTE platform=glcore flags=4096 ok=1 outsize=14958

Cmd: compileComputeKernel
  insize=9494 path=C:/Users/Larkin/Random Creatures/Assets/RandomLevel/computeAgentShader.compute kernel=main cachingPP=1 ppOnly=0 stripLineD=0 buildPlatform=5 km=<UNITY_VERSION=202026> pKW=UNITY_ENABLE_REFLECTION_BUFFERS UNITY_USE_DITHER_MASK_FOR_ALPHABLENDED_SHADOWS UNITY_PBS_USE_BRDF1 UNITY_SPECCUBE_BOX_PROJECTION UNITY_SPECCUBE_BLENDING UNITY_ENABLE_DETAIL_NORMALMAP SHADER_API_DESKTOP UNITY_LIGHT_PROBE_PROXY_VOLUME UNITY_LIGHTMAP_RGBM_ENCODING uKW=SHADER_STAGE_COMPUTE platform=glcore flags=4096 ok=1 outsize=14977

Cmd: compileComputeKernel
  insize=9510 path=C:/Users/Larkin/Random Creatures/Assets/RandomLevel/computeAgentShader.compute kernel=main cachingPP=1 ppOnly=0 stripLineD=0 buildPlatform=5 km=<UNITY_VERSION=202026> pKW=UNITY_ENABLE_REFLECTION_BUFFERS UNITY_USE_DITHER_MASK_FOR_ALPHABLENDED_SHADOWS UNITY_PBS_USE_BRDF1 UNITY_SPECCUBE_BOX_PROJECTION UNITY_SPECCUBE_BLENDING UNITY_ENABLE_DETAIL_NORMALMAP SHADER_API_DESKTOP UNITY_LIGHT_PROBE_PROXY_VOLUME UNITY_LIGHTMAP_RGBM_ENCODING uKW=SHADER_STAGE_COMPUTE platform=d3d11 flags=0 ok=1 outsize=7196

Cmd: compileComputeKernel
  insize=9510 path=C:/Users/Larkin/Random Creatures/Assets/RandomLevel/computeAgentShader.compute kernel=Diffuse cachingPP=1 ppOnly=0 stripLineD=0 buildPlatform=5 km=<UNITY_VERSION=202026> pKW=UNITY_ENABLE_REFLECTION_BUFFERS UNITY_USE_DITHER_MASK_FOR_ALPHABLENDED_SHADOWS UNITY_PBS_USE_BRDF1 UNITY_SPECCUBE_BOX_PROJECTION UNITY_SPECCUBE_BLENDING UNITY_ENABLE_DETAIL_NORMALMAP SHADER_API_DESKTOP UNITY_LIGHT_PROBE_PROXY_VOLUME UNITY_LIGHTMAP_RGBM_ENCODING uKW=SHADER_STAGE_COMPUTE platform=d3d11 flags=0 ok=1 outsize=1381

Cmd: compileComputeKernel
  insize=9507 path=C:/Users/Larkin/Random Creatures/Assets/RandomLevel/computeAgentShader.compute kernel=Diffuse cachingPP=1 ppOnly=0 stripLineD=0 buildPlatform=5 km=<UNITY_VERSION=202026> pKW=UNITY_ENABLE_REFLECTION_BUFFERS UNITY_USE_DITHER_MASK_FOR_ALPHABLENDED_SHADOWS UNITY_PBS_USE_BRDF1 UNITY_SPECCUBE_BOX_PROJECTION UNITY_SPECCUBE_BLENDING UNITY_ENABLE_DETAIL_NORMALMAP SHADER_API_DESKTOP UNITY_LIGHT_PROBE_PROXY_VOLUME UNITY_LIGHTMAP_RGBM_ENCODING uKW=SHADER_STAGE_COMPUTE platform=glcore flags=4096 ok=1 outsize=3047

Cmd: compileComputeKernel
  insize=9527 path=C:/Users/Larkin/Random Creatures/Assets/RandomLevel/computeAgentShader.compute kernel=main cachingPP=1 ppOnly=0 stripLineD=0 buildPlatform=5 km=<UNITY_VERSION=202026> pKW=UNITY_ENABLE_REFLECTION_BUFFERS UNITY_USE_DITHER_MASK_FOR_ALPHABLENDED_SHADOWS UNITY_PBS_USE_BRDF1 UNITY_SPECCUBE_BOX_PROJECTION UNITY_SPECCUBE_BLENDING UNITY_ENABLE_DETAIL_NORMALMAP SHADER_API_DESKTOP UNITY_LIGHT_PROBE_PROXY_VOLUME UNITY_LIGHTMAP_RGBM_ENCODING uKW=SHADER_STAGE_COMPUTE platform=glcore flags=4096 ok=1 outsize=15533

Cmd: compileComputeKernel
  insize=9606 path=C:/Users/Larkin/Random Creatures/Assets/RandomLevel/computeAgentShader.compute kernel=main cachingPP=1 ppOnly=0 stripLineD=0 buildPlatform=5 km=<UNITY_VERSION=202026> pKW=UNITY_ENABLE_REFLECTION_BUFFERS UNITY_USE_DITHER_MASK_FOR_ALPHABLENDED_SHADOWS UNITY_PBS_USE_BRDF1 UNITY_SPECCUBE_BOX_PROJECTION UNITY_SPECCUBE_BLENDING UNITY_ENABLE_DETAIL_NORMALMAP SHADER_API_DESKTOP UNITY_LIGHT_PROBE_PROXY_VOLUME UNITY_LIGHTMAP_RGBM_ENCODING uKW=SHADER_STAGE_COMPUTE platform=d3d11 flags=0 ok=1 outsize=7832

Cmd: compileComputeKernel
  insize=9654 path=C:/Users/Larkin/Random Creatures/Assets/RandomLevel/computeAgentShader.compute kernel=main cachingPP=1 ppOnly=0 stripLineD=0 buildPlatform=5 km=<UNITY_VERSION=202026> pKW=UNITY_ENABLE_REFLECTION_BUFFERS UNITY_USE_DITHER_MASK_FOR_ALPHABLENDED_SHADOWS UNITY_PBS_USE_BRDF1 UNITY_SPECCUBE_BOX_PROJECTION UNITY_SPECCUBE_BLENDING UNITY_ENABLE_DETAIL_NORMALMAP SHADER_API_DESKTOP UNITY_LIGHT_PROBE_PROXY_VOLUME UNITY_LIGHTMAP_RGBM_ENCODING uKW=SHADER_STAGE_COMPUTE platform=d3d11 flags=0 ok=1 outsize=7200

Cmd: compileComputeKernel
  insize=9653 path=C:/Users/Larkin/Random Creatures/Assets/RandomLevel/computeAgentShader.compute kernel=Diffuse cachingPP=1 ppOnly=0 stripLineD=0 buildPlatform=5 km=<UNITY_VERSION=202026> pKW=UNITY_ENABLE_REFLECTION_BUFFERS UNITY_USE_DITHER_MASK_FOR_ALPHABLENDED_SHADOWS UNITY_PBS_USE_BRDF1 UNITY_SPECCUBE_BOX_PROJECTION UNITY_SPECCUBE_BLENDING UNITY_ENABLE_DETAIL_NORMALMAP SHADER_API_DESKTOP UNITY_LIGHT_PROBE_PROXY_VOLUME UNITY_LIGHTMAP_RGBM_ENCODING uKW=SHADER_STAGE_COMPUTE platform=glcore flags=4096 ok=1 outsize=3047

